{
  "RSpec": {
    "coverage": {
      "/Users/michelsonmartinez/Documents/ruby/espinita/spec/dummy/config/environment.rb": [
        null,
        1,
        null,
        null,
        1
      ],
      "/Users/michelsonmartinez/Documents/ruby/espinita/spec/dummy/config/application.rb": [
        1,
        null,
        1,
        null,
        1,
        1,
        null,
        1,
        1,
        null,
        null,
        null,
        null,
        null,
        null,
        null,
        null,
        null,
        null,
        null,
        null,
        null,
        null
      ],
      "/Users/michelsonmartinez/Documents/ruby/espinita/spec/dummy/config/boot.rb": [
        null,
        1,
        null,
        1,
        1
      ],
      "/Users/michelsonmartinez/Documents/ruby/espinita/lib/espinita.rb": [
        1,
        1,
        null,
        1,
        null,
        1,
        1,
        1,
        null,
        1,
        null,
        1,
        null,
        1,
        4,
        null,
        null,
        null,
        null,
        null
      ],
      "/Users/michelsonmartinez/Documents/ruby/espinita/lib/espinita/engine.rb": [
        1,
        1,
        1,
        null,
        1,
        1,
        null,
        null,
        1,
        null,
        null,
        1,
        1,
        1,
        null,
        null,
        null,
        null,
        null
      ],
      "/Users/michelsonmartinez/Documents/ruby/espinita/spec/dummy/config/environments/test.rb": [
        1,
        null,
        null,
        null,
        null,
        null,
        null,
        1,
        null,
        null,
        null,
        null,
        1,
        null,
        null,
        1,
        1,
        null,
        null,
        1,
        1,
        null,
        null,
        1,
        null,
        null,
        1,
        null,
        null,
        null,
        null,
        1,
        null,
        null,
        1,
        null
      ],
      "/Users/michelsonmartinez/Documents/ruby/espinita/spec/dummy/config/initializers/backtrace_silencers.rb": [
        null,
        null,
        null,
        null,
        null,
        null,
        null
      ],
      "/Users/michelsonmartinez/Documents/ruby/espinita/spec/dummy/config/initializers/filter_parameter_logging.rb": [
        null,
        null,
        null,
        1
      ],
      "/Users/michelsonmartinez/Documents/ruby/espinita/spec/dummy/config/initializers/inflections.rb": [
        null,
        null,
        null,
        null,
        null,
        null,
        null,
        null,
        null,
        null,
        null,
        null,
        null,
        null,
        null,
        null
      ],
      "/Users/michelsonmartinez/Documents/ruby/espinita/spec/dummy/config/initializers/mime_types.rb": [
        null,
        null,
        null,
        null,
        null
      ],
      "/Users/michelsonmartinez/Documents/ruby/espinita/spec/dummy/config/initializers/secret_token.rb": [
        null,
        null,
        null,
        null,
        null,
        null,
        null,
        null,
        null,
        null,
        null,
        1
      ],
      "/Users/michelsonmartinez/Documents/ruby/espinita/spec/dummy/config/initializers/session_store.rb": [
        null,
        null,
        1
      ],
      "/Users/michelsonmartinez/Documents/ruby/espinita/spec/dummy/config/initializers/wrap_parameters.rb": [
        null,
        null,
        null,
        null,
        null,
        null,
        1,
        1,
        null,
        null,
        null,
        null,
        null,
        null
      ],
      "/Users/michelsonmartinez/Documents/ruby/espinita/lib/espinita/auditor_request.rb": [
        1,
        1,
        null,
        1,
        1,
        null,
        null,
        1,
        null,
        null,
        2,
        null,
        2,
        null,
        null
      ],
      "/Users/michelsonmartinez/Documents/ruby/espinita/lib/espinita/auditor.rb": [
        1,
        1,
        1,
        1,
        null,
        null,
        null
      ],
      "/Users/michelsonmartinez/Documents/ruby/espinita/lib/espinita/auditor_behavior.rb": [
        1,
        1,
        1,
        null,
        1,
        1,
        1,
        1,
        null,
        null,
        1,
        null,
        1,
        null,
        1,
        null,
        16,
        16,
        16,
        null,
        16,
        16,
        16,
        null,
        16,
        null,
        16,
        6,
        3,
        null,
        null,
        16,
        8,
        4,
        null,
        null,
        16,
        null,
        16,
        null,
        null,
        null,
        1,
        24,
        null,
        null,
        null,
        null,
        null,
        1,
        0,
        0,
        null,
        0,
        null,
        null,
        null,
        null,
        null,
        1,
        21,
        null,
        null,
        1,
        61,
        null,
        null,
        null,
        1,
        null,
        11,
        null,
        null,
        null,
        null,
        1,
        null,
        10,
        null,
        null,
        null,
        null,
        1,
        1,
        1,
        null,
        null,
        null,
        null,
        1,
        22,
        null,
        null,
        null,
        null
      ],
      "/Users/michelsonmartinez/Documents/ruby/espinita/spec/dummy/config/routes.rb": [
        1,
        null,
        1,
        null
      ],
      "/Users/michelsonmartinez/Documents/ruby/espinita/config/routes.rb": [
        1,
        null
      ],
      "/Users/michelsonmartinez/Documents/ruby/espinita/spec/dummy/app/helpers/application_helper.rb": [
        1,
        null
      ],
      "/Users/michelsonmartinez/Documents/ruby/espinita/spec/dummy/app/helpers/general_controller_helper.rb": [
        1,
        null
      ],
      "/Users/michelsonmartinez/Documents/ruby/espinita/spec/factories/auditable_audits.rb": [
        null,
        null,
        1,
        1,
        1,
        1,
        1,
        1,
        1,
        null,
        null
      ],
      "/Users/michelsonmartinez/Documents/ruby/espinita/spec/factories/general_models.rb": [
        null,
        null,
        1,
        1,
        1,
        1,
        1,
        1,
        null,
        null
      ],
      "/Users/michelsonmartinez/Documents/ruby/espinita/spec/factories/users.rb": [
        null,
        null,
        1,
        1,
        1,
        1,
        1,
        null,
        null
      ],
      "/Users/michelsonmartinez/Documents/ruby/espinita/spec/support/schema.rb": [
        1,
        1,
        null,
        1,
        null,
        1,
        null,
        1,
        1,
        1,
        1,
        1,
        1,
        null,
        1,
        1,
        1,
        1,
        1,
        1,
        null,
        null,
        1,
        1,
        1,
        1,
        1,
        1,
        1,
        1,
        1,
        null,
        null,
        null
      ],
      "/Users/michelsonmartinez/Documents/ruby/espinita/spec/support/models.rb": [
        1,
        1,
        1,
        null,
        null,
        1,
        null,
        null
      ],
      "/Users/michelsonmartinez/Documents/ruby/espinita/spec/models/espinita/audit_spec.rb": [
        1,
        null,
        1,
        1,
        2,
        2,
        null,
        null
      ],
      "/Users/michelsonmartinez/Documents/ruby/espinita/app/models/espinita/audit.rb": [
        1,
        1,
        1,
        1,
        null,
        null,
        1,
        1,
        1,
        1,
        null,
        1,
        1,
        1,
        19,
        null,
        1,
        null,
        1,
        null,
        null,
        1,
        0,
        null,
        null,
        null,
        1,
        1,
        18,
        18,
        null,
        null,
        1,
        18,
        18,
        null,
        null,
        null,
        null,
        null,
        null
      ],
      "/Users/michelsonmartinez/Documents/ruby/espinita/spec/models/models/general_model_spec.rb": [
        1,
        null,
        null,
        1,
        2,
        null,
        1,
        1,
        null,
        null,
        1,
        null,
        1,
        2,
        null,
        null,
        1,
        1,
        null,
        null,
        1,
        1,
        1,
        1,
        null,
        null,
        1,
        1,
        1,
        1,
        null,
        null,
        null,
        1,
        null,
        1,
        2,
        null,
        null,
        1,
        2,
        2,
        2,
        null,
        null,
        1,
        1,
        null,
        null,
        1,
        1,
        null,
        null,
        1,
        1,
        null,
        null,
        null,
        1,
        null,
        1,
        3,
        null,
        null,
        1,
        3,
        3,
        3,
        null,
        null,
        1,
        1,
        null,
        null,
        1,
        null,
        1,
        null,
        null,
        1,
        1,
        1,
        null,
        null,
        1,
        1,
        3,
        null,
        null,
        null,
        null,
        1,
        null,
        1,
        2,
        null,
        null,
        1,
        2,
        2,
        2,
        null,
        null,
        1,
        1,
        1,
        1,
        null,
        null,
        1,
        1,
        1,
        1,
        null,
        null,
        null,
        1,
        null,
        1,
        1,
        null,
        null,
        1,
        1,
        null,
        null,
        1,
        1,
        1,
        1,
        null,
        null,
        1,
        1,
        1,
        1,
        null,
        null,
        null,
        1,
        1,
        1,
        3,
        null,
        1,
        1,
        null,
        null,
        1,
        1,
        1,
        null,
        null,
        1,
        1,
        null,
        null,
        null,
        1,
        null,
        1,
        1,
        3,
        null,
        1,
        1,
        null,
        null,
        1,
        1,
        1,
        null,
        null,
        1,
        1,
        1,
        1,
        null,
        null,
        null,
        1,
        null,
        1,
        1,
        3,
        null,
        1,
        1,
        null,
        null,
        1,
        1,
        1,
        null,
        null,
        1,
        1,
        1,
        1,
        null,
        null,
        null,
        1,
        1,
        1,
        3,
        null,
        1,
        1,
        null,
        null,
        1,
        1,
        1,
        1,
        1,
        null,
        null,
        null,
        null
      ],
      "/Users/michelsonmartinez/Documents/ruby/espinita/spec/models/models/user_spec.rb": [
        1,
        null,
        1,
        1,
        null
      ]
    },
    "timestamp": 1407028044
  }
}
